<?xml version="1.0" encoding="UTF-8"?>
<!-- Generated by org.testng.reporters.JUnitReportReporter -->
<testsuite hostname="LAPTOP-T17PAQL5" failures="0" tests="1" name="TestNG.InvocationCountTest" time="0.013" errors="0" timestamp="2021-07-04T18:08:59 IST" skipped="0">
  <testcase classname="TestNG.InvocationCountTest" name="test1" time="0.013"/>
  <system-out/>
</testsuite> <!-- TestNG.InvocationCountTest -->
