<?xml version="1.0" encoding="UTF-8"?>
<!-- Generated by org.testng.reporters.JUnitReportReporter -->
<testsuite hostname="LAPTOP-T17PAQL5" failures="0" tests="3" name="TestNG.TestNgBasics" time="0.014" errors="0" timestamp="2021-07-03T20:05:09 IST" skipped="0">
  <testcase classname="TestNG.TestNgBasics" name="getTittle" time="0.009"/>
  <system-out/>
  <testcase classname="TestNG.TestNgBasics" name="logo" time="0.002"/>
  <system-out/>
  <testcase classname="TestNG.TestNgBasics" name="search" time="0.003"/>
  <system-out/>
</testsuite> <!-- TestNG.TestNgBasics -->
